<?xml version="1.0" encoding="UTF-8"?>
<beans xmlns="http://www.springframework.org/schema/beans"
       xmlns:xsi="http://www.w3.org/2001/XMLSchema-instance"
       xmlns:context="http://www.springframework.org/schema/context"
       xsi:schemaLocation="http://www.springframework.org/schema/beans http://www.springframework.org/schema/beans/spring-beans.xsd http://www.springframework.org/schema/context http://www.springframework.org/schema/context/spring-context-3.1.xsd">

    <bean id="propertyConfigurer" class="org.springframework.beans.factory.config.PropertyPlaceholderConfigurer">
        <property name="locations">
            <list>
                <!--suppress SpringIncorrectResourceTypeInspection -->
                <value>classpath*:*.yml</value>
            </list>
        </property>
        <property name="propertiesPersister" ref="persister"/>
    </bean>
    <bean id="persister" class="com.kenshoo.freemarker.platform.YamlPropertiesPersister"/>

    <context:property-placeholder ignore-resource-not-found="true" ignore-unresolvable="true" order="1" location="classpath:databaseTest.properties"/>

</beans>